<?xml version="1.0" encoding="UTF-8"?>
<!-- Generated by org.testng.reporters.JUnitReportReporter -->
<testsuite hostname="LavanyaSagar" failures="0" tests="1" name="com.motherhood.base.baseclass" time="203.307" errors="0" timestamp="2022-11-26T08:49:20 IST" skipped="0">
  <testcase classname="com.motherhood.base.baseclass" name="launchApp" time="203.307"/>
  <system-out/>
</testsuite> <!-- com.motherhood.base.baseclass -->
